{"logTime": "0315/065404", "correlationVector":"bzdscx2I6Zg2ep4mEkFMYL.1","action":"SyncServerConnectionManagerRequest", "result":"SYNC_SERVER_OK", "context":{"environment":"Prod_SoutheastAsia_000j", "migrationStage":"NotStarted", "server":"GENERAL01000002"}}
{"logTime": "0315/065404", "correlationVector":"bzdscx2I6Zg2ep4mEkFMYL","action":"Initial GetUpdates", "result":"", "context":Reason: NEW_CLIENT. cV=bzdscx2I6Zg2ep4mEkFMYL}
{"logTime": "0315/065404", "correlationVector":"bzdscx2I6Zg2ep4mEkFMYL.2","action":"GetUpdates Response", "result":"SYNCER_OK", "context":Received 1 update(s). cV=bzdscx2I6Zg2ep4mEkFMYL.0;server=GENERAL01000002;cloudType=Consumer;environment=Prod_SoutheastAsia_000j;migrationStage=NotStarted}
{"logTime": "0315/065405", "correlationVector":"7LOY/9rWzhx/JS361dfwOp","action":"SyncServerConnectionManagerRequest", "result":"SYNC_SERVER_OK", "context":{"environment":"", "migrationStage":"", "server":""}}
{"logTime": "0315/065405", "correlationVector":"UDnvA95TJNExa1flwFwmHY","action":"Initial GetUpdates", "result":"", "context":Reason: NEW_CLIENT. cV=UDnvA95TJNExa1flwFwmHY}
{"logTime": "0315/065405", "correlationVector":"UDnvA95TJNExa1flwFwmHY.1","action":"SyncServerConnectionManagerRequest", "result":"SYNC_SERVER_OK", "context":{"environment":"Prod_SoutheastAsia_000j", "migrationStage":"NotStarted", "server":"GENERAL03000000"}}
{"logTime": "0315/065405", "correlationVector":"UDnvA95TJNExa1flwFwmHY.2","action":"GetUpdates Response", "result":"SYNCER_OK", "context":Received 4 update(s). cV=UDnvA95TJNExa1flwFwmHY.0;server=GENERAL03000000;cloudType=Consumer;environment=Prod_SoutheastAsia_000j;migrationStage=NotStarted}
{"logTime": "0315/065405", "correlationVector":"rn2ZbRMTdPDadM3Wsh5stC","action":"Normal GetUpdate request", "result":"", "context":cV=rn2ZbRMTdPDadM3Wsh5stC
Nudged types: Device Info, User Consents
Refresh requested types: Device Info, User Consents, Send Tab To Self, Encryption Keys}
{"logTime": "0315/065405", "correlationVector":"rn2ZbRMTdPDadM3Wsh5stC.1","action":"SyncServerConnectionManagerRequest", "result":"SYNC_SERVER_OK", "context":{"environment":"Prod_SoutheastAsia_000j", "migrationStage":"NotStarted", "server":"GENERAL0300000W"}}
{"logTime": "0315/065405", "correlationVector":"rn2ZbRMTdPDadM3Wsh5stC.2","action":"GetUpdates Response", "result":"SYNCER_OK", "context":Received 0 update(s). cV=rn2ZbRMTdPDadM3Wsh5stC.0;server=GENERAL0300000W;cloudType=Consumer;environment=Prod_SoutheastAsia_000j;migrationStage=NotStarted}
{"logTime": "0315/065405", "correlationVector":"7b7p76wiNT+V5qeZvocP46","action":"Commit Request", "result":"", "context":Item count: 2
Contributing types: Device Info, User Consents}
{"logTime": "0315/065405", "correlationVector":"7b7p76wiNT+V5qeZvocP46.1","action":"SyncServerConnectionManagerRequest", "result":"SYNC_SERVER_OK", "context":{"environment":"Prod_SoutheastAsia_000j", "migrationStage":"NotStarted", "server":"GENERAL01000006"}}
{"logTime": "0315/065405", "correlationVector":"7b7p76wiNT+V5qeZvocP46.2","action":"Commit Response", "result":"SYNCER_OK", "context":Result: SYNCER_OK. cV=7b7p76wiNT+V5qeZvocP46.0;server=GENERAL01000006;cloudType=Consumer;environment=Prod_SoutheastAsia_000j;migrationStage=NotStarted}
{"logTime": "0315/065405", "correlationVector":"89jX8Zpbm6wVAdPxCBQPw7","action":"Normal GetUpdate request", "result":"", "context":cV=89jX8Zpbm6wVAdPxCBQPw7
Nudged types: Device Info}
{"logTime": "0315/065405", "correlationVector":"89jX8Zpbm6wVAdPxCBQPw7.1","action":"SyncServerConnectionManagerRequest", "result":"SYNC_SERVER_OK", "context":{"environment":"Prod_SoutheastAsia_000j", "migrationStage":"NotStarted", "server":"GENERAL0100001H"}}
{"logTime": "0315/065405", "correlationVector":"89jX8Zpbm6wVAdPxCBQPw7.2","action":"GetUpdates Response", "result":"SYNCER_OK", "context":Received 1 update(s). cV=89jX8Zpbm6wVAdPxCBQPw7.0;server=GENERAL0100001H;cloudType=Consumer;environment=Prod_SoutheastAsia_000j;migrationStage=NotStarted}
{"logTime": "0315/065837", "correlationVector":"QClUqkZck5c7XRGzmpDY7n","action":"Normal GetUpdate request", "result":"", "context":cV=QClUqkZck5c7XRGzmpDY7n
Refresh requested types: Device Info, User Consents, Send Tab To Self, Encryption Keys}
{"logTime": "0315/065838", "correlationVector":"QClUqkZck5c7XRGzmpDY7n.1","action":"SyncServerConnectionManagerRequest", "result":"SYNC_SERVER_OK", "context":{"environment":"Prod_SoutheastAsia_000j", "migrationStage":"NotStarted", "server":"GENERAL0300000Y"}}
{"logTime": "0315/065838", "correlationVector":"QClUqkZck5c7XRGzmpDY7n.2","action":"GetUpdates Response", "result":"SYNCER_OK", "context":Received 0 update(s). cV=QClUqkZck5c7XRGzmpDY7n.0;server=GENERAL0300000Y;cloudType=Consumer;environment=Prod_SoutheastAsia_000j;migrationStage=NotStarted}
{"logTime": "0319/055820", "correlationVector":"ZwwN5a7HYmI1Cqx6lb/zRD.1","action":"SyncServerConnectionManagerRequest", "result":"SYNC_SERVER_OK", "context":{"environment":"Prod_SoutheastAsia_000j", "migrationStage":"NotStarted", "server":"GENERAL0100001H"}}
{"logTime": "0319/055820", "correlationVector":"ZwwN5a7HYmI1Cqx6lb/zRD","action":"Initial GetUpdates", "result":"", "context":Reason: NEW_CLIENT. cV=ZwwN5a7HYmI1Cqx6lb/zRD}
{"logTime": "0319/055820", "correlationVector":"ZwwN5a7HYmI1Cqx6lb/zRD.2","action":"GetUpdates Response", "result":"SYNCER_OK", "context":Received 1 update(s). cV=ZwwN5a7HYmI1Cqx6lb/zRD.0;server=GENERAL0100001H;cloudType=Consumer;environment=Prod_SoutheastAsia_000j;migrationStage=NotStarted}
{"logTime": "0319/055820", "correlationVector":"vQSS3Vij3tql02gVZyEPmc","action":"SyncServerConnectionManagerRequest", "result":"SYNC_SERVER_OK", "context":{"environment":"", "migrationStage":"", "server":""}}
{"logTime": "0319/055821", "correlationVector":"7a7Op786lmOmAidlmLkIQE","action":"Normal GetUpdate request", "result":"", "context":cV=7a7Op786lmOmAidlmLkIQE
Refresh requested types: Encryption Keys}
{"logTime": "0319/055821", "correlationVector":"7a7Op786lmOmAidlmLkIQE.1","action":"SyncServerConnectionManagerRequest", "result":"SYNC_SERVER_OK", "context":{"environment":"Prod_SoutheastAsia_000j", "migrationStage":"NotStarted", "server":"GENERAL0300001H"}}
{"logTime": "0319/055821", "correlationVector":"7a7Op786lmOmAidlmLkIQE.2","action":"GetUpdates Response", "result":"SYNCER_OK", "context":Received 0 update(s). cV=7a7Op786lmOmAidlmLkIQE.0;server=GENERAL0300001H;cloudType=Consumer;environment=Prod_SoutheastAsia_000j;migrationStage=NotStarted}
{"logTime": "0319/055821", "correlationVector":"lHyAj0+DRf/GxFJWKKtfhm","action":"Poll GetUpdate request", "result":"", "context":cV=lHyAj0+DRf/GxFJWKKtfhm}
{"logTime": "0319/055821", "correlationVector":"lHyAj0+DRf/GxFJWKKtfhm.1","action":"SyncServerConnectionManagerRequest", "result":"SYNC_SERVER_OK", "context":{"environment":"Prod_SoutheastAsia_000j", "migrationStage":"NotStarted", "server":"GENERAL03000004"}}
{"logTime": "0319/055821", "correlationVector":"lHyAj0+DRf/GxFJWKKtfhm.2","action":"GetUpdates Response", "result":"SYNCER_OK", "context":Received 0 update(s). cV=lHyAj0+DRf/GxFJWKKtfhm.0;server=GENERAL03000004;cloudType=Consumer;environment=Prod_SoutheastAsia_000j;migrationStage=NotStarted}
{"logTime": "0319/055821", "correlationVector":"QGoamMxqiJea2PdYd7KQOA","action":"Normal GetUpdate request", "result":"", "context":cV=QGoamMxqiJea2PdYd7KQOA
Refresh requested types: Encryption Keys}
{"logTime": "0319/055821", "correlationVector":"QGoamMxqiJea2PdYd7KQOA.1","action":"SyncServerConnectionManagerRequest", "result":"SYNC_SERVER_OK", "context":{"environment":"Prod_SoutheastAsia_000j", "migrationStage":"NotStarted", "server":"GENERAL0300000E"}}
{"logTime": "0319/055821", "correlationVector":"QGoamMxqiJea2PdYd7KQOA.2","action":"GetUpdates Response", "result":"SYNCER_OK", "context":Received 0 update(s). cV=QGoamMxqiJea2PdYd7KQOA.0;server=GENERAL0300000E;cloudType=Consumer;environment=Prod_SoutheastAsia_000j;migrationStage=NotStarted}
